<?xml version="1.0" encoding="UTF-8"?>
<!-- Generated by org.testng.reporters.JUnitReportReporter -->
<testsuite skipped="0" hostname="ramit-QA-ThinkPad-E490" name="Appium_Setup.Appium_React_Setup.SampleTestNgTest" tests="1" failures="0" timestamp="2020-04-04T20:00:51 IST" time="92.100" errors="0">
  <testcase name="fareye_react_app" time="92.100" classname="Appium_Setup.Appium_React_Setup.SampleTestNgTest"/>
  <system-out/>
</testsuite> <!-- Appium_Setup.Appium_React_Setup.SampleTestNgTest -->
