<?xml version="1.0" encoding="UTF-8"?>
<!-- Generated by org.testng.reporters.JUnitReportReporter -->
<testsuite skipped="0" hostname="ramit-QA-ThinkPad-E490" name="Appium_Setup.Appium_React_Setup.FE_Login" tests="1" failures="0" timestamp="2020-04-04T20:05:11 IST" time="85.863" errors="0">
  <testcase name="fareye_react_app" time="85.863" classname="Appium_Setup.Appium_React_Setup.FE_Login"/>
  <system-out/>
</testsuite> <!-- Appium_Setup.Appium_React_Setup.FE_Login -->
